Arguments: 
  C:\Program Files\nodejs\node.exe C:\Users\zSuck\AppData\Roaming\npm\node_modules\yarn\bin\yarn.js add -D @types/dotenv-json

PATH: 
  c:\devkitPro\msys2\usr\bin;C:\WINDOWS\system32;C:\WINDOWS;C:\WINDOWS\System32\Wbem;C:\WINDOWS\System32\WindowsPowerShell\v1.0\;C:\WINDOWS\System32\OpenSSH\;C:\Program Files\Git\cmd;C:\Program Files (x86)\Windows Kits\10\Windows Performance Toolkit\;C:\Program Files\dotnet\;C:\Program Files\nodejs\;C:\Program Files\PuTTY\;C:\Users\zSuck\.cargo\bin;C:\Users\zSuck\AppData\Local\Microsoft\WindowsApps;C:\Users\zSuck\AppData\Local\Programs\Microsoft VS Code\bin;C:\MinGW\bin;C:\Flutter\bin;C:\Users\zSuck\.dotnet\tools;C:\Users\zSuck\AppData\Roaming\npm

Yarn version: 
  1.22.19

Node version: 
  18.12.1

Platform: 
  win32 x64

Trace: 
  Error: https://registry.yarnpkg.com/@types%2fdotenv-json: Not found
      at params.callback [as _callback] (C:\Users\zSuck\AppData\Roaming\npm\node_modules\yarn\lib\cli.js:66145:18)
      at self.callback (C:\Users\zSuck\AppData\Roaming\npm\node_modules\yarn\lib\cli.js:140890:22)
      at Request.emit (node:events:513:28)
      at Request.<anonymous> (C:\Users\zSuck\AppData\Roaming\npm\node_modules\yarn\lib\cli.js:141862:10)
      at Request.emit (node:events:513:28)
      at IncomingMessage.<anonymous> (C:\Users\zSuck\AppData\Roaming\npm\node_modules\yarn\lib\cli.js:141784:12)
      at Object.onceWrapper (node:events:627:28)
      at IncomingMessage.emit (node:events:525:35)
      at endReadableNT (node:internal/streams/readable:1359:12)
      at process.processTicksAndRejections (node:internal/process/task_queues:82:21)

npm manifest: 
  {
    "name": "slippi-rank-twitch",
    "version": "1.0.0",
    "main": "src/index.ts",
    "license": "MIT",
    "scripts": {
      "start": "tsc && node build/index.js"
    },
    "dependencies": {
      "axios": "^1.2.1",
      "dotenv": "^16.0.3",
      "fastify": "^4.10.2",
      "firebase": "^9.15.0"
    },
    "devDependencies": {
      "@types/node": "^18.11.14",
      "typescript": "^4.9.4"
    }
  }

yarn manifest: 
  No manifest

Lockfile: 
  # THIS IS AN AUTOGENERATED FILE. DO NOT EDIT THIS FILE DIRECTLY.
  # yarn lockfile v1
  
  
  "@fastify/ajv-compiler@^3.3.1":
    version "3.4.0"
    resolved "https://registry.yarnpkg.com/@fastify/ajv-compiler/-/ajv-compiler-3.4.0.tgz#e001b7e234b5b704654b1d617d69fa63c348f2a7"
    integrity sha512-69JnK7Cot+ktn7LD5TikP3b7psBPX55tYpQa8WSumt8r117PCa2zwHnImfBtRWYExreJlI48hr0WZaVrTBGj7w==
    dependencies:
      ajv "^8.11.0"
      ajv-formats "^2.1.1"
      fast-uri "^2.0.0"
  
  "@fastify/deepmerge@^1.0.0":
    version "1.3.0"
    resolved "https://registry.yarnpkg.com/@fastify/deepmerge/-/deepmerge-1.3.0.tgz#8116858108f0c7d9fd460d05a7d637a13fe3239a"
    integrity sha512-J8TOSBq3SoZbDhM9+R/u77hP93gz/rajSA+K2kGyijPpORPWUXHUpTaleoj+92As0S9uPRP7Oi8IqMf0u+ro6A==
  
  "@fastify/error@^3.0.0":
    version "3.2.0"
    resolved "https://registry.yarnpkg.com/@fastify/error/-/error-3.2.0.tgz#9010e0acfe07965f5fc7d2b367f58f042d0f4106"
    integrity sha512-KAfcLa+CnknwVi5fWogrLXgidLic+GXnLjijXdpl8pvkvbXU5BGa37iZO9FGvsh9ZL4y+oFi5cbHBm5UOG+dmQ==
  
  "@fastify/fast-json-stringify-compiler@^4.1.0":
    version "4.1.0"
    resolved "https://registry.yarnpkg.com/@fastify/fast-json-stringify-compiler/-/fast-json-stringify-compiler-4.1.0.tgz#ebf657ce4ec88e27ba311f7560eaa0b37de8719d"
    integrity sha512-cTKBV2J9+u6VaKDhX7HepSfPSzw+F+TSd+k0wzifj4rG+4E5PjSFJCk19P8R6tr/72cuzgGd+mbB3jFT6lvAgw==
    dependencies:
      fast-json-stringify "^5.0.0"
  
  "@firebase/analytics-compat@0.2.0":
    version "0.2.0"
    resolved "https://registry.yarnpkg.com/@firebase/analytics-compat/-/analytics-compat-0.2.0.tgz#c9e70d50bc07ba1865c589ee34f7106661c5105b"
    integrity sha512-brk8IN4ErWiZoB/UdJ0mWZhQOKt90ztv4MUwQjhuYJ4iwnVMz0Mzj9+tplU1hVpSZXdfbKQFfRN9kp/3sTiyWw==
    dependencies:
      "@firebase/analytics" "0.9.0"
      "@firebase/analytics-types" "0.8.0"
      "@firebase/component" "0.6.0"
      "@firebase/util" "1.8.0"
      tslib "^2.1.0"
  
  "@firebase/analytics-types@0.8.0":
    version "0.8.0"
    resolved "https://registry.yarnpkg.com/@firebase/analytics-types/-/analytics-types-0.8.0.tgz#551e744a29adbc07f557306530a2ec86add6d410"
    integrity sha512-iRP+QKI2+oz3UAh4nPEq14CsEjrjD6a5+fuypjScisAh9kXKFvdJOZJDwk7kikLvWVLGEs9+kIUS4LPQV7VZVw==
  
  "@firebase/analytics@0.9.0":
    version "0.9.0"
    resolved "https://registry.yarnpkg.com/@firebase/analytics/-/analytics-0.9.0.tgz#05baa16abd1283d02debc40150253fe93d106bf0"
    integrity sha512-cE6JAvaGDVhn3B09VuQ5pATLCtmQg3AUSDuCmMNzWlP7+12LBarV1JcGWKIi7YQK2ks3B73wRsawi08XKwsolQ==
    dependencies:
      "@firebase/component" "0.6.0"
      "@firebase/installations" "0.6.0"
      "@firebase/logger" "0.4.0"
      "@firebase/util" "1.8.0"
      tslib "^2.1.0"
  
  "@firebase/app-check-compat@0.3.0":
    version "0.3.0"
    resolved "https://registry.yarnpkg.com/@firebase/app-check-compat/-/app-check-compat-0.3.0.tgz#e050c84fe9046e9aa5bfad32d8407e18c97a4b58"
    integrity sha512-CJFHWGMvWRkkvLPTvWdLrEYnfH7WS9zFLsWctSzRjQnzg6dQUTs5FDyg9RN7BIWoaSr9q7FTxkRnsOgardDPLA==
    dependencies:
      "@firebase/app-check" "0.6.0"
      "@firebase/app-check-types" "0.5.0"
      "@firebase/component" "0.6.0"
      "@firebase/logger" "0.4.0"
      "@firebase/util" "1.8.0"
      tslib "^2.1.0"
  
  "@firebase/app-check-interop-types@0.2.0":
    version "0.2.0"
    resolved "https://registry.yarnpkg.com/@firebase/app-check-interop-types/-/app-check-interop-types-0.2.0.tgz#9106270114ca4e7732457e8319333866a26285d8"
    integrity sha512-+3PQIeX6/eiVK+x/yg8r6xTNR97fN7MahFDm+jiQmDjcyvSefoGuTTNQuuMScGyx3vYUBeZn+Cp9kC0yY/9uxQ==
  
  "@firebase/app-check-types@0.5.0":
    version "0.5.0"
    resolved "https://registry.yarnpkg.com/@firebase/app-check-types/-/app-check-types-0.5.0.tgz#1b02826213d7ce6a1cf773c329b46ea1c67064f4"
    integrity sha512-uwSUj32Mlubybw7tedRzR24RP8M8JUVR3NPiMk3/Z4bCmgEKTlQBwMXrehDAZ2wF+TsBq0SN1c6ema71U/JPyQ==
  
  "@firebase/app-check@0.6.0":
    version "0.6.0"
    resolved "https://registry.yarnpkg.com/@firebase/app-check/-/app-check-0.6.0.tgz#86874d48430f1bc04b92426bc99052f6f03eadc4"
    integrity sha512-DevuiUQujsG18NQ1fQ1g2X+75Vp1YfSxPsw363/HE2+ABmCWHf4ByPmxEf16y4PVcqJ2MZqYv8kXZYxzRJCS4g==
    dependencies:
      "@firebase/component" "0.6.0"
      "@firebase/logger" "0.4.0"
      "@firebase/util" "1.8.0"
      tslib "^2.1.0"
  
  "@firebase/app-compat@0.2.0":
    version "0.2.0"
    resolved "https://registry.yarnpkg.com/@firebase/app-compat/-/app-compat-0.2.0.tgz#ffd401324d0a0974911b55e7843edc020b7a65a5"
    integrity sha512-Y8Cpuheai61jCdVflt437I94n8cdRbXY0e1dQMmTWHCShJUfWwpa5y2ZMnxClWnorXy9hC/3yNZMVlu79f1zGA==
    dependencies:
      "@firebase/app" "0.9.0"
      "@firebase/component" "0.6.0"
      "@firebase/logger" "0.4.0"
      "@firebase/util" "1.8.0"
      tslib "^2.1.0"
  
  "@firebase/app-types@0.9.0":
    version "0.9.0"
    resolved "https://registry.yarnpkg.com/@firebase/app-types/-/app-types-0.9.0.tgz#35b5c568341e9e263b29b3d2ba0e9cfc9ec7f01e"
    integrity sha512-AeweANOIo0Mb8GiYm3xhTEBVCmPwTYAu9Hcd2qSkLuga/6+j9b1Jskl5bpiSQWy9eJ/j5pavxj6eYogmnuzm+Q==
  
  "@firebase/app@0.9.0":
    version "0.9.0"
    resolved "https://registry.yarnpkg.com/@firebase/app/-/app-0.9.0.tgz#0eaf7e837e8c6f97a384b5f6589a23961184c34c"
    integrity sha512-sa15stSK6FoGW4mCeAVDt0TvBFxPjvNcG2rhacGudOzMaW3g2TS326zXTFG+p5jnTCPZ2SO5TTSiGHn1NNcD9Q==
    dependencies:
      "@firebase/component" "0.6.0"
      "@firebase/logger" "0.4.0"
      "@firebase/util" "1.8.0"
      idb "7.0.1"
      tslib "^2.1.0"
  
  "@firebase/auth-compat@0.3.0":
    version "0.3.0"
    resolved "https://registry.yarnpkg.com/@firebase/auth-compat/-/auth-compat-0.3.0.tgz#a1e753147e3bd99e0ddbaa76a7c4ec317edf2f0d"
    integrity sha512-tcofcrQKBOo5Wrz59onWtZDJfVW09auvG/XRh7lZ4yfEWdGerTJXmEdQU6j3E8AnJ3X91BYltNYhh0ZJOoCJqQ==
    dependencies:
      "@firebase/auth" "0.21.0"
      "@firebase/auth-types" "0.12.0"
      "@firebase/component" "0.6.0"
      "@firebase/util" "1.8.0"
      node-fetch "2.6.7"
      tslib "^2.1.0"
  
  "@firebase/auth-interop-types@0.2.0":
    version "0.2.0"
    resolved "https://registry.yarnpkg.com/@firebase/auth-interop-types/-/auth-interop-types-0.2.0.tgz#1119eda760239a839e4c8d04e88fa90082546760"
    integrity sha512-7Mt2qzwvu5X3Qxz24gjj0qITrBsMmy1W4vGBP8TZRuQrjA4OTlGVCTG8ysvweZ3xpdl1XGhBsIjo2KjfOPg0xA==
  
  "@firebase/auth-types@0.12.0":
    version "0.12.0"
    resolved "https://registry.yarnpkg.com/@firebase/auth-types/-/auth-types-0.12.0.tgz#f28e1b68ac3b208ad02a15854c585be6da3e8e79"
    integrity sha512-pPwaZt+SPOshK8xNoiQlK5XIrS97kFYc3Rc7xmy373QsOJ9MmqXxLaYssP5Kcds4wd2qK//amx/c+A8O2fVeZA==
  
  "@firebase/auth@0.21.0":
    version "0.21.0"
    resolved "https://registry.yarnpkg.com/@firebase/auth/-/auth-0.21.0.tgz#058ee82bbea55c41ec4f92465e98e8013055eb2c"
    integrity sha512-kXOQl/hyLuGKxs0r2icLsDmAyeO0uM4zV9Q+fx6VE8Ncl94TBUc/n895GSrF3RkNHdiq/DZxV/PUCZ/ozPQNKw==
    dependencies:
      "@firebase/component" "0.6.0"
      "@firebase/logger" "0.4.0"
      "@firebase/util" "1.8.0"
      node-fetch "2.6.7"
      tslib "^2.1.0"
  
  "@firebase/component@0.6.0":
    version "0.6.0"
    resolved "https://registry.yarnpkg.com/@firebase/component/-/component-0.6.0.tgz#8149a412cf5ef7336f91ad409e72a8e55cf721ef"
    integrity sha512-9hyNc4OmrXMtthDJq6zyJHll/UIYBWYmMG3rXty2eMeWxHWB0vlsq3AOI+k14PL15aSBAQolv0EZJWVJv/gCEg==
    dependencies:
      "@firebase/util" "1.8.0"
      tslib "^2.1.0"
  
  "@firebase/database-compat@0.3.0":
    version "0.3.0"
    resolved "https://registry.yarnpkg.com/@firebase/database-compat/-/database-compat-0.3.0.tgz#229a2d584895dbfaf80025595f604247e2e72155"
    integrity sha512-5kzhXdACd+RX/G8k/DKYAuiMYHDHIZ9WFV/ccVoPsC+bxIQEgPilDEtkljY5ZxiKbUj+PEOSYUfYdV/LQMJatQ==
    dependencies:
      "@firebase/component" "0.6.0"
      "@firebase/database" "0.14.0"
      "@firebase/database-types" "0.10.0"
      "@firebase/logger" "0.4.0"
      "@firebase/util" "1.8.0"
      tslib "^2.1.0"
  
  "@firebase/database-types@0.10.0":
    version "0.10.0"
    resolved "https://registry.yarnpkg.com/@firebase/database-types/-/database-types-0.10.0.tgz#ee982a3ac92c69ca0129efd309611646ceb25162"
    integrity sha512-jZHI1fY1tm+8heLR4sbgJHtSYI2kTlSp4QTXWALwdT+dfST5OlZYsZeb+hGWeqjHEElzUnkLbw8XuZSy9Uy6rA==
    dependencies:
      "@firebase/app-types" "0.9.0"
      "@firebase/util" "1.8.0"
  
  "@firebase/database@0.14.0":
    version "0.14.0"
    resolved "https://registry.yarnpkg.com/@firebase/database/-/database-0.14.0.tgz#3cb93dae38ccd6b43d467c666769998b84cb8e92"
    integrity sha512-SM5eri3eGuPjQdXBRObqKTsgmkRwrSGsbgtD43EpGzU+lIeBVLqwRzfcFialYrWzFFI5V7hWXdS2oJxAkfnBFw==
    dependencies:
      "@firebase/auth-interop-types" "0.2.0"
      "@firebase/component" "0.6.0"
      "@firebase/logger" "0.4.0"
      "@firebase/util" "1.8.0"
      faye-websocket "0.11.4"
      tslib "^2.1.0"
  
  "@firebase/firestore-compat@0.3.0":
    version "0.3.0"
    resolved "https://registry.yarnpkg.com/@firebase/firestore-compat/-/firestore-compat-0.3.0.tgz#277b6c4ad6aa6a04b7c2a6911b8878c101493302"
    integrity sha512-ckU4mkziDnsFKxgYv+OAJHPuNpti2RjyoeIAqz3EqRHAsYFC70U5w4aXC2Sbu2jJp3Ba2BoD7MV/4Qb2A7CJtw==
    dependencies:
      "@firebase/component" "0.6.0"
      "@firebase/firestore" "3.8.0"
      "@firebase/firestore-types" "2.5.1"
      "@firebase/util" "1.8.0"
      tslib "^2.1.0"
  
  "@firebase/firestore-types@2.5.1":
    version "2.5.1"
    resolved "https://registry.yarnpkg.com/@firebase/firestore-types/-/firestore-types-2.5.1.tgz#464b2ee057956599ca34de50eae957c30fdbabb7"
    integrity sha512-xG0CA6EMfYo8YeUxC8FeDzf6W3FX1cLlcAGBYV6Cku12sZRI81oWcu61RSKM66K6kUENP+78Qm8mvroBcm1whw==
  
  "@firebase/firestore@3.8.0":
    version "3.8.0"
    resolved "https://registry.yarnpkg.com/@firebase/firestore/-/firestore-3.8.0.tgz#4d955a11c2205dd84a9d34ae75506d829593bb00"
    integrity sha512-aKwfZ73FmOV8e/dN0anDtrq6+1IhX4zmjxUcXcgaypZ14q6bq0QpUdlRxjsfiUQ5m3H3MwWWIFOcT5Xa89sIkw==
    dependencies:
      "@firebase/component" "0.6.0"
      "@firebase/logger" "0.4.0"
      "@firebase/util" "1.8.0"
      "@firebase/webchannel-wrapper" "0.9.0"
      "@grpc/grpc-js" "~1.7.0"
      "@grpc/proto-loader" "^0.6.13"
      node-fetch "2.6.7"
      tslib "^2.1.0"
  
  "@firebase/functions-compat@0.3.0":
    version "0.3.0"
    resolved "https://registry.yarnpkg.com/@firebase/functions-compat/-/functions-compat-0.3.0.tgz#7e426d65209664502baf724757d498a1f12dd27f"
    integrity sha512-xOEdqOVeHXJ2ZjDbTntNGLl1lgW9umx73bWXJn9h68bSD4f9ldIVoz+h15s8i/e1pJOO/LlEp2BMvoA35U1P/Q==
    dependencies:
      "@firebase/component" "0.6.0"
      "@firebase/functions" "0.9.0"
      "@firebase/functions-types" "0.6.0"
      "@firebase/util" "1.8.0"
      tslib "^2.1.0"
  
  "@firebase/functions-types@0.6.0":
    version "0.6.0"
    resolved "https://registry.yarnpkg.com/@firebase/functions-types/-/functions-types-0.6.0.tgz#ccd7000dc6fc668f5acb4e6a6a042a877a555ef2"
    integrity sha512-hfEw5VJtgWXIRf92ImLkgENqpL6IWpYaXVYiRkFY1jJ9+6tIhWM7IzzwbevwIIud/jaxKVdRzD7QBWfPmkwCYw==
  
  "@firebase/functions@0.9.0":
    version "0.9.0"
    resolved "https://registry.yarnpkg.com/@firebase/functions/-/functions-0.9.0.tgz#8282d9b191026caf543366d55c0b2f7ae1e33f53"
    integrity sha512-na/+7uc9ViQVBadEsCVjBnbZsfUCMyS/x6SID1Nz4Z5nkhuxrls9Jcv7jc28tMqHR0VpoGq8W6oLProyjT8JPg==
    dependencies:
      "@firebase/app-check-interop-types" "0.2.0"
      "@firebase/auth-interop-types" "0.2.0"
      "@firebase/component" "0.6.0"
      "@firebase/messaging-interop-types" "0.2.0"
      "@firebase/util" "1.8.0"
      node-fetch "2.6.7"
      tslib "^2.1.0"
  
  "@firebase/installations-compat@0.2.0":
    version "0.2.0"
    resolved "https://registry.yarnpkg.com/@firebase/installations-compat/-/installations-compat-0.2.0.tgz#32f3fc662d65bc8f90dfca0c54e69206d0b23512"
    integrity sha512-EqCU8C9XPQN6npfTCW+6agzQ0yPLvbSCY5WROdnU1ZJfOsGFrMMVMRk42XBzah1dHBoSQYggVaixEzJUOH7zbQ==
    dependencies:
      "@firebase/component" "0.6.0"
      "@firebase/installations" "0.6.0"
      "@firebase/installations-types" "0.5.0"
      "@firebase/util" "1.8.0"
      tslib "^2.1.0"
  
  "@firebase/installations-types@0.5.0":
    version "0.5.0"
    resolved "https://registry.yarnpkg.com/@firebase/installations-types/-/installations-types-0.5.0.tgz#2adad64755cd33648519b573ec7ec30f21fb5354"
    integrity sha512-9DP+RGfzoI2jH7gY4SlzqvZ+hr7gYzPODrbzVD82Y12kScZ6ZpRg/i3j6rleto8vTFC8n6Len4560FnV1w2IRg==
  
  "@firebase/installations@0.6.0":
    version "0.6.0"
    resolved "https://registry.yarnpkg.com/@firebase/installations/-/installations-0.6.0.tgz#f8354ceb447d89589cbac84650ed28edcd97961b"
    integrity sha512-Aks56ThZs1MsM0qJzJxhdeXak+Ob3tjd3JSY2poJptreLWsIOSBCxYO7Ev4yZ7DE7twMdZ0x70NhQ1ceXfdy0w==
    dependencies:
      "@firebase/component" "0.6.0"
      "@firebase/util" "1.8.0"
      idb "7.0.1"
      tslib "^2.1.0"
  
  "@firebase/logger@0.4.0":
    version "0.4.0"
    resolved "https://registry.yarnpkg.com/@firebase/logger/-/logger-0.4.0.tgz#15ecc03c452525f9d47318ad9491b81d1810f113"
    integrity sha512-eRKSeykumZ5+cJPdxxJRgAC3G5NknY2GwEbKfymdnXtnT0Ucm4pspfR6GT4MUQEDuJwRVbVcSx85kgJulMoFFA==
    dependencies:
      tslib "^2.1.0"
  
  "@firebase/messaging-compat@0.2.0":
    version "0.2.0"
    resolved "https://registry.yarnpkg.com/@firebase/messaging-compat/-/messaging-compat-0.2.0.tgz#e42ca592c3ac604ab3716bef0a805a6427ff4c54"
    integrity sha512-Qk9W9lVmTO67bR5jCaQ9HqS9MipkCuPGKCcO5JnnDd/p+Y2beWzScYxwzYGh9pEga3qzDAMSCB1PYoNgNTMzew==
    dependencies:
      "@firebase/component" "0.6.0"
      "@firebase/messaging" "0.12.0"
      "@firebase/util" "1.8.0"
      tslib "^2.1.0"
  
  "@firebase/messaging-interop-types@0.2.0":
    version "0.2.0"
    resolved "https://registry.yarnpkg.com/@firebase/messaging-interop-types/-/messaging-interop-types-0.2.0.tgz#6056f8904a696bf0f7fdcf5f2ca8f008e8f6b064"
    integrity sha512-ujA8dcRuVeBixGR9CtegfpU4YmZf3Lt7QYkcj693FFannwNuZgfAYaTmbJ40dtjB81SAu6tbFPL9YLNT15KmOQ==
  
  "@firebase/messaging@0.12.0":
    version "0.12.0"
    resolved "https://registry.yarnpkg.com/@firebase/messaging/-/messaging-0.12.0.tgz#ba7e341c61b9b6d76b06be1ef977e6d0e449bec7"
    integrity sha512-M+LWaBH392SLF7/wAH5byJrP5f1MpromUG02NIr0sbgJ6Ot2nc+qDrDGjKF4qLXFqYzhNRlhskCCdf0ClgDM0A==
    dependencies:
      "@firebase/component" "0.6.0"
      "@firebase/installations" "0.6.0"
      "@firebase/messaging-interop-types" "0.2.0"
      "@firebase/util" "1.8.0"
      idb "7.0.1"
      tslib "^2.1.0"
  
  "@firebase/performance-compat@0.2.0":
    version "0.2.0"
    resolved "https://registry.yarnpkg.com/@firebase/performance-compat/-/performance-compat-0.2.0.tgz#183fdfa3fe33ef6b56ded8d5d25ec01c6be83abe"
    integrity sha512-iO0fspVpiVOGxR08Y51nXoSMPH/bdRkRVQXYo4wuDDfQoZ5WZ0DXQuE0kXy3/T9QgqXdr8tSU0P0nil/jvnOcg==
    dependencies:
      "@firebase/component" "0.6.0"
      "@firebase/logger" "0.4.0"
      "@firebase/performance" "0.6.0"
      "@firebase/performance-types" "0.2.0"
      "@firebase/util" "1.8.0"
      tslib "^2.1.0"
  
  "@firebase/performance-types@0.2.0":
    version "0.2.0"
    resolved "https://registry.yarnpkg.com/@firebase/performance-types/-/performance-types-0.2.0.tgz#400685f7a3455970817136d9b48ce07a4b9562ff"
    integrity sha512-kYrbr8e/CYr1KLrLYZZt2noNnf+pRwDq2KK9Au9jHrBMnb0/C9X9yWSXmZkFt4UIdsQknBq8uBB7fsybZdOBTA==
  
  "@firebase/performance@0.6.0":
    version "0.6.0"
    resolved "https://registry.yarnpkg.com/@firebase/performance/-/performance-0.6.0.tgz#ced371911ec618a5b6b5de73924e227a6a5a0fa8"
    integrity sha512-mmCQ/8F0hQZ+J+JBvfQPlPAgKIRZccYW6N9321NbX8swd7EQP3dsW905RBmdXRsbjBpBqhn20zcQU6TDOKRwYA==
    dependencies:
      "@firebase/component" "0.6.0"
      "@firebase/installations" "0.6.0"
      "@firebase/logger" "0.4.0"
      "@firebase/util" "1.8.0"
      tslib "^2.1.0"
  
  "@firebase/remote-config-compat@0.2.0":
    version "0.2.0"
    resolved "https://registry.yarnpkg.com/@firebase/remote-config-compat/-/remote-config-compat-0.2.0.tgz#b9ddcde4b394ab7d946c47df39eb37f7e81f0100"
    integrity sha512-2t+w4ngp1DPtZc04a6IjicbUGBpLb/MuFPlqpT8kHNqa/fNvA+ZFcAlEtHvzjS4o9rnTfjHgB+OJMgFP+r9OOw==
    dependencies:
      "@firebase/component" "0.6.0"
      "@firebase/logger" "0.4.0"
      "@firebase/remote-config" "0.4.0"
      "@firebase/remote-config-types" "0.3.0"
      "@firebase/util" "1.8.0"
      tslib "^2.1.0"
  
  "@firebase/remote-config-types@0.3.0":
    version "0.3.0"
    resolved "https://registry.yarnpkg.com/@firebase/remote-config-types/-/remote-config-types-0.3.0.tgz#689900dcdb3e5c059e8499b29db393e4e51314b4"
    integrity sha512-RtEH4vdcbXZuZWRZbIRmQVBNsE7VDQpet2qFvq6vwKLBIQRQR5Kh58M4ok3A3US8Sr3rubYnaGqZSurCwI8uMA==
  
  "@firebase/remote-config@0.4.0":
    version "0.4.0"
    resolved "https://registry.yarnpkg.com/@firebase/remote-config/-/remote-config-0.4.0.tgz#d6a4582f74f4690ac905e6c99fa5486f60cd63a8"
    integrity sha512-sedVYE4PwN4qtXfb7EkUYe9mz7hqBP/3y3c7WRMmTuh2VRNz5C5+NYULr5zySeJq+UZd6KyaS+KUOIxmx70tTw==
    dependencies:
      "@firebase/component" "0.6.0"
      "@firebase/installations" "0.6.0"
      "@firebase/logger" "0.4.0"
      "@firebase/util" "1.8.0"
      tslib "^2.1.0"
  
  "@firebase/storage-compat@0.2.0":
    version "0.2.0"
    resolved "https://registry.yarnpkg.com/@firebase/storage-compat/-/storage-compat-0.2.0.tgz#3f3356e9f1131f8d98d8dca1639357ea918939d5"
    integrity sha512-w+7CyZyZ53YQWlTb8YOQ9YcmScgDwkvkXhpUbRWHlvlzAs06l0au42MydmHCeeTcSqvLOzpgURiVfm15ZifARg==
    dependencies:
      "@firebase/component" "0.6.0"
      "@firebase/storage" "0.10.0"
      "@firebase/storage-types" "0.7.0"
      "@firebase/util" "1.8.0"
      tslib "^2.1.0"
  
  "@firebase/storage-types@0.7.0":
    version "0.7.0"
    resolved "https://registry.yarnpkg.com/@firebase/storage-types/-/storage-types-0.7.0.tgz#0beaeafb62be7ebcf402e25b8cf8fa5a157fe925"
    integrity sha512-n/8pYd82hc9XItV3Pa2KGpnuJ/2h/n/oTAaBberhe6GeyWQPnsmwwRK94W3GxUwBA/ZsszBAYZd7w7tTE+6XXA==
  
  "@firebase/storage@0.10.0":
    version "0.10.0"
    resolved "https://registry.yarnpkg.com/@firebase/storage/-/storage-0.10.0.tgz#5b94fb270a8fa551ac0f136257123a889ecbea27"
    integrity sha512-2rp7+/bQ1gkUgrqDv5qHf/vlPAOKV+a/h1tnZ8D9zN0/6wc42gqFTORJUZj/A4efVnX7Ix8MWHBe4woO/2Th0w==
    dependencies:
      "@firebase/component" "0.6.0"
      "@firebase/util" "1.8.0"
      node-fetch "2.6.7"
      tslib "^2.1.0"
  
  "@firebase/util@1.8.0":
    version "1.8.0"
    resolved "https://registry.yarnpkg.com/@firebase/util/-/util-1.8.0.tgz#e98354c5373f6b1d6b08219887340b79fd23557f"
    integrity sha512-clK6pTTxIiLMYz4UrvDTVAs2rIaOiroAuFdX67C0JalvEwzi6Vv8li6xAGj38tkj7Qax06mosM1fQkxf2h4VTg==
    dependencies:
      tslib "^2.1.0"
  
  "@firebase/webchannel-wrapper@0.9.0":
    version "0.9.0"
    resolved "https://registry.yarnpkg.com/@firebase/webchannel-wrapper/-/webchannel-wrapper-0.9.0.tgz#9340bce56560a8bdba1d25d6281d4bfc397450dc"
    integrity sha512-BpiZLBWdLFw+qFel9p3Zs1jD6QmH7Ii4aTDu6+vx8ShdidChZUXqDhYJly4ZjSgQh54miXbBgBrk0S+jTIh/Qg==
  
  "@grpc/grpc-js@~1.7.0":
    version "1.7.3"
    resolved "https://registry.yarnpkg.com/@grpc/grpc-js/-/grpc-js-1.7.3.tgz#f2ea79f65e31622d7f86d4b4c9ae38f13ccab99a"
    integrity sha512-H9l79u4kJ2PVSxUNA08HMYAnUBLj9v6KjYQ7SQ71hOZcEXhShE/y5iQCesP8+6/Ik/7i2O0a10bPquIcYfufog==
    dependencies:
      "@grpc/proto-loader" "^0.7.0"
      "@types/node" ">=12.12.47"
  
  "@grpc/proto-loader@^0.6.13":
    version "0.6.13"
    resolved "https://registry.yarnpkg.com/@grpc/proto-loader/-/proto-loader-0.6.13.tgz#008f989b72a40c60c96cd4088522f09b05ac66bc"
    integrity sha512-FjxPYDRTn6Ec3V0arm1FtSpmP6V50wuph2yILpyvTKzjc76oDdoihXqM1DzOW5ubvCC8GivfCnNtfaRE8myJ7g==
    dependencies:
      "@types/long" "^4.0.1"
      lodash.camelcase "^4.3.0"
      long "^4.0.0"
      protobufjs "^6.11.3"
      yargs "^16.2.0"
  
  "@grpc/proto-loader@^0.7.0":
    version "0.7.4"
    resolved "https://registry.yarnpkg.com/@grpc/proto-loader/-/proto-loader-0.7.4.tgz#4946a84fbf47c3ddd4e6a97acb79d69a9f47ebf2"
    integrity sha512-MnWjkGwqQ3W8fx94/c1CwqLsNmHHv2t0CFn+9++6+cDphC1lolpg9M2OU0iebIjK//pBNX9e94ho+gjx6vz39w==
    dependencies:
      "@types/long" "^4.0.1"
      lodash.camelcase "^4.3.0"
      long "^4.0.0"
      protobufjs "^7.0.0"
      yargs "^16.2.0"
  
  "@protobufjs/aspromise@^1.1.1", "@protobufjs/aspromise@^1.1.2":
    version "1.1.2"
    resolved "https://registry.yarnpkg.com/@protobufjs/aspromise/-/aspromise-1.1.2.tgz#9b8b0cc663d669a7d8f6f5d0893a14d348f30fbf"
    integrity sha512-j+gKExEuLmKwvz3OgROXtrJ2UG2x8Ch2YZUxahh+s1F2HZ+wAceUNLkvy6zKCPVRkU++ZWQrdxsUeQXmcg4uoQ==
  
  "@protobufjs/base64@^1.1.2":
    version "1.1.2"
    resolved "https://registry.yarnpkg.com/@protobufjs/base64/-/base64-1.1.2.tgz#4c85730e59b9a1f1f349047dbf24296034bb2735"
    integrity sha512-AZkcAA5vnN/v4PDqKyMR5lx7hZttPDgClv83E//FMNhR2TMcLUhfRUBHCmSl0oi9zMgDDqRUJkSxO3wm85+XLg==
  
  "@protobufjs/codegen@^2.0.4":
    version "2.0.4"
    resolved "https://registry.yarnpkg.com/@protobufjs/codegen/-/codegen-2.0.4.tgz#7ef37f0d010fb028ad1ad59722e506d9262815cb"
    integrity sha512-YyFaikqM5sH0ziFZCN3xDC7zeGaB/d0IUb9CATugHWbd1FRFwWwt4ld4OYMPWu5a3Xe01mGAULCdqhMlPl29Jg==
  
  "@protobufjs/eventemitter@^1.1.0":
    version "1.1.0"
    resolved "https://registry.yarnpkg.com/@protobufjs/eventemitter/-/eventemitter-1.1.0.tgz#355cbc98bafad5978f9ed095f397621f1d066b70"
    integrity sha512-j9ednRT81vYJ9OfVuXG6ERSTdEL1xVsNgqpkxMsbIabzSo3goCjDIveeGv5d03om39ML71RdmrGNjG5SReBP/Q==
  
  "@protobufjs/fetch@^1.1.0":
    version "1.1.0"
    resolved "https://registry.yarnpkg.com/@protobufjs/fetch/-/fetch-1.1.0.tgz#ba99fb598614af65700c1619ff06d454b0d84c45"
    integrity sha512-lljVXpqXebpsijW71PZaCYeIcE5on1w5DlQy5WH6GLbFryLUrBD4932W/E2BSpfRJWseIL4v/KPgBFxDOIdKpQ==
    dependencies:
      "@protobufjs/aspromise" "^1.1.1"
      "@protobufjs/inquire" "^1.1.0"
  
  "@protobufjs/float@^1.0.2":
    version "1.0.2"
    resolved "https://registry.yarnpkg.com/@protobufjs/float/-/float-1.0.2.tgz#5e9e1abdcb73fc0a7cb8b291df78c8cbd97b87d1"
    integrity sha512-Ddb+kVXlXst9d+R9PfTIxh1EdNkgoRe5tOX6t01f1lYWOvJnSPDBlG241QLzcyPdoNTsblLUdujGSE4RzrTZGQ==
  
  "@protobufjs/inquire@^1.1.0":
    version "1.1.0"
    resolved "https://registry.yarnpkg.com/@protobufjs/inquire/-/inquire-1.1.0.tgz#ff200e3e7cf2429e2dcafc1140828e8cc638f089"
    integrity sha512-kdSefcPdruJiFMVSbn801t4vFK7KB/5gd2fYvrxhuJYg8ILrmn9SKSX2tZdV6V+ksulWqS7aXjBcRXl3wHoD9Q==
  
  "@protobufjs/path@^1.1.2":
    version "1.1.2"
    resolved "https://registry.yarnpkg.com/@protobufjs/path/-/path-1.1.2.tgz#6cc2b20c5c9ad6ad0dccfd21ca7673d8d7fbf68d"
    integrity sha512-6JOcJ5Tm08dOHAbdR3GrvP+yUUfkjG5ePsHYczMFLq3ZmMkAD98cDgcT2iA1lJ9NVwFd4tH/iSSoe44YWkltEA==
  
  "@protobufjs/pool@^1.1.0":
    version "1.1.0"
    resolved "https://registry.yarnpkg.com/@protobufjs/pool/-/pool-1.1.0.tgz#09fd15f2d6d3abfa9b65bc366506d6ad7846ff54"
    integrity sha512-0kELaGSIDBKvcgS4zkjz1PeddatrjYcmMWOlAuAPwAeccUrPHdUqo/J6LiymHHEiJT5NrF1UVwxY14f+fy4WQw==
  
  "@protobufjs/utf8@^1.1.0":
    version "1.1.0"
    resolved "https://registry.yarnpkg.com/@protobufjs/utf8/-/utf8-1.1.0.tgz#a777360b5b39a1a2e5106f8e858f2fd2d060c570"
    integrity sha512-Vvn3zZrhQZkkBE8LSuW3em98c0FwgO4nxzv6OdSxPKJIEKY2bGbHn+mhGIPerzI4twdxaP8/0+06HBpwf345Lw==
  
  "@types/long@^4.0.1":
    version "4.0.2"
    resolved "https://registry.yarnpkg.com/@types/long/-/long-4.0.2.tgz#b74129719fc8d11c01868010082d483b7545591a"
    integrity sha512-MqTGEo5bj5t157U6fA/BiDynNkn0YknVdh48CMPkTSpFTVmvao5UQmm7uEF6xBEo7qIMAlY/JSleYaE6VOdpaA==
  
  "@types/node@>=12.12.47", "@types/node@>=13.7.0":
    version "18.11.15"
    resolved "https://registry.yarnpkg.com/@types/node/-/node-18.11.15.tgz#de0e1fbd2b22b962d45971431e2ae696643d3f5d"
    integrity sha512-VkhBbVo2+2oozlkdHXLrb3zjsRkpdnaU2bXmX8Wgle3PUi569eLRaHGlgETQHR7lLL1w7GiG3h9SnePhxNDecw==
  
  "@types/node@^18.11.14":
    version "18.11.14"
    resolved "https://registry.yarnpkg.com/@types/node/-/node-18.11.14.tgz#a8571b25f3a31e9ded14e3ab9488509adef831d8"
    integrity sha512-0KXV57tENYmmJMl+FekeW9V3O/rlcqGQQJ/hNh9r8pKIj304pskWuEd8fCyNT86g/TpO0gcOTiLzsHLEURFMIQ==
  
  abort-controller@^3.0.0:
    version "3.0.0"
    resolved "https://registry.yarnpkg.com/abort-controller/-/abort-controller-3.0.0.tgz#eaf54d53b62bae4138e809ca225c8439a6efb392"
    integrity sha512-h8lQ8tacZYnR3vNQTgibj+tODHI5/+l06Au2Pcriv/Gmet0eaj4TwWH41sO9wnHDiQsEj19q0drzdWdeAHtweg==
    dependencies:
      event-target-shim "^5.0.0"
  
  abstract-logging@^2.0.1:
    version "2.0.1"
    resolved "https://registry.yarnpkg.com/abstract-logging/-/abstract-logging-2.0.1.tgz#6b0c371df212db7129b57d2e7fcf282b8bf1c839"
    integrity sha512-2BjRTZxTPvheOvGbBslFSYOUkr+SjPtOnrLP33f+VIWLzezQpZcqVg7ja3L4dBXmzzgwT+a029jRx5PCi3JuiA==
  
  ajv-formats@^2.1.1:
    version "2.1.1"
    resolved "https://registry.yarnpkg.com/ajv-formats/-/ajv-formats-2.1.1.tgz#6e669400659eb74973bbf2e33327180a0996b520"
    integrity sha512-Wx0Kx52hxE7C18hkMEggYlEifqWZtYaRgouJor+WMdPnQyEK13vgEWyVNup7SoeeoLMsr4kf5h6dOW11I15MUA==
    dependencies:
      ajv "^8.0.0"
  
  ajv@^8.0.0, ajv@^8.10.0, ajv@^8.11.0:
    version "8.11.2"
    resolved "https://registry.yarnpkg.com/ajv/-/ajv-8.11.2.tgz#aecb20b50607acf2569b6382167b65a96008bb78"
    integrity sha512-E4bfmKAhGiSTvMfL1Myyycaub+cUEU2/IvpylXkUu7CHBkBj1f/ikdzbD7YQ6FKUbixDxeYvB/xY4fvyroDlQg==
    dependencies:
      fast-deep-equal "^3.1.1"
      json-schema-traverse "^1.0.0"
      require-from-string "^2.0.2"
      uri-js "^4.2.2"
  
  ansi-regex@^5.0.1:
    version "5.0.1"
    resolved "https://registry.yarnpkg.com/ansi-regex/-/ansi-regex-5.0.1.tgz#082cb2c89c9fe8659a311a53bd6a4dc5301db304"
    integrity sha512-quJQXlTSUGL2LH9SUXo8VwsY4soanhgo6LNSm84E1LBcE8s3O0wpdiRzyR9z/ZZJMlMWv37qOOb9pdJlMUEKFQ==
  
  ansi-styles@^4.0.0:
    version "4.3.0"
    resolved "https://registry.yarnpkg.com/ansi-styles/-/ansi-styles-4.3.0.tgz#edd803628ae71c04c85ae7a0906edad34b648937"
    integrity sha512-zbB9rCJAT1rbjiVDb2hqKFHNYLxgtk8NURxZ3IZwD3F6NtxbXZQCnnSi1Lkx+IDohdPlFp222wVALIheZJQSEg==
    dependencies:
      color-convert "^2.0.1"
  
  archy@^1.0.0:
    version "1.0.0"
    resolved "https://registry.yarnpkg.com/archy/-/archy-1.0.0.tgz#f9c8c13757cc1dd7bc379ac77b2c62a5c2868c40"
    integrity sha512-Xg+9RwCg/0p32teKdGMPTPnVXKD0w3DfHnFTficozsAgsvq2XenPJq/MYpzzQ/v8zrOyJn6Ds39VA4JIDwFfqw==
  
  asynckit@^0.4.0:
    version "0.4.0"
    resolved "https://registry.yarnpkg.com/asynckit/-/asynckit-0.4.0.tgz#c79ed97f7f34cb8f2ba1bc9790bcc366474b4b79"
    integrity sha512-Oei9OH4tRh0YqU3GxhX79dM/mwVgvbZJaSNaRk+bshkj0S5cfHcgYakreBjrHwatXKbz+IoIdYLxrKim2MjW0Q==
  
  atomic-sleep@^1.0.0:
    version "1.0.0"
    resolved "https://registry.yarnpkg.com/atomic-sleep/-/atomic-sleep-1.0.0.tgz#eb85b77a601fc932cfe432c5acd364a9e2c9075b"
    integrity sha512-kNOjDqAh7px0XWNI+4QbzoiR/nTkHAWNud2uvnJquD1/x5a7EQZMJT0AczqK0Qn67oY/TTQ1LbUKajZpp3I9tQ==
  
  avvio@^8.2.0:
    version "8.2.0"
    resolved "https://registry.yarnpkg.com/avvio/-/avvio-8.2.0.tgz#aff28b0266617bf07ffc1c2d5f4220c3663ce1c2"
    integrity sha512-bbCQdg7bpEv6kGH41RO/3B2/GMMmJSo2iBK+X8AWN9mujtfUipMDfIjsgHCfpnKqoGEQrrmCDKSa5OQ19+fDmg==
    dependencies:
      archy "^1.0.0"
      debug "^4.0.0"
      fastq "^1.6.1"
  
  axios@^1.2.1:
    version "1.2.1"
    resolved "https://registry.yarnpkg.com/axios/-/axios-1.2.1.tgz#44cf04a3c9f0c2252ebd85975361c026cb9f864a"
    integrity sha512-I88cFiGu9ryt/tfVEi4kX2SITsvDddTajXTOFmt2uK1ZVA8LytjtdeyefdQWEf5PU8w+4SSJDoYnggflB5tW4A==
    dependencies:
      follow-redirects "^1.15.0"
      form-data "^4.0.0"
      proxy-from-env "^1.1.0"
  
  base64-js@^1.3.1:
    version "1.5.1"
    resolved "https://registry.yarnpkg.com/base64-js/-/base64-js-1.5.1.tgz#1b1b440160a5bf7ad40b650f095963481903930a"
    integrity sha512-AKpaYlHn8t4SVbOHCy+b5+KKgvR4vrsD8vbvrbiQJps7fKDTkjkDry6ji0rUJjC0kzbNePLwzxq8iypo41qeWA==
  
  buffer@^6.0.3:
    version "6.0.3"
    resolved "https://registry.yarnpkg.com/buffer/-/buffer-6.0.3.tgz#2ace578459cc8fbe2a70aaa8f52ee63b6a74c6c6"
    integrity sha512-FTiCpNxtwiZZHEZbcbTIcZjERVICn9yq/pDFkTl95/AxzD1naBctN7YO68riM/gLSDY7sdrMby8hofADYuuqOA==
    dependencies:
      base64-js "^1.3.1"
      ieee754 "^1.2.1"
  
  cliui@^7.0.2:
    version "7.0.4"
    resolved "https://registry.yarnpkg.com/cliui/-/cliui-7.0.4.tgz#a0265ee655476fc807aea9df3df8df7783808b4f"
    integrity sha512-OcRE68cOsVMXp1Yvonl/fzkQOyjLSu/8bhPDfQt0e0/Eb283TKP20Fs2MqoPsr9SwA595rRCA+QMzYc9nBP+JQ==
    dependencies:
      string-width "^4.2.0"
      strip-ansi "^6.0.0"
      wrap-ansi "^7.0.0"
  
  color-convert@^2.0.1:
    version "2.0.1"
    resolved "https://registry.yarnpkg.com/color-convert/-/color-convert-2.0.1.tgz#72d3a68d598c9bdb3af2ad1e84f21d896abd4de3"
    integrity sha512-RRECPsj7iu/xb5oKYcsFHSppFNnsj/52OVTRKb4zP5onXwVF3zVmmToNcOfGC+CRDpfK/U584fMg38ZHCaElKQ==
    dependencies:
      color-name "~1.1.4"
  
  color-name@~1.1.4:
    version "1.1.4"
    resolved "https://registry.yarnpkg.com/color-name/-/color-name-1.1.4.tgz#c2a09a87acbde69543de6f63fa3995c826c536a2"
    integrity sha512-dOy+3AuW3a2wNbZHIuMZpTcgjGuLU/uBL/ubcZF9OXbDo8ff4O8yVp5Bf0efS8uEoYo5q4Fx7dY9OgQGXgAsQA==
  
  combined-stream@^1.0.8:
    version "1.0.8"
    resolved "https://registry.yarnpkg.com/combined-stream/-/combined-stream-1.0.8.tgz#c3d45a8b34fd730631a110a8a2520682b31d5a7f"
    integrity sha512-FQN4MRfuJeHf7cBbBMJFXhKSDq+2kAArBlmRBvcvFE5BB1HZKXtSFASDhdlz9zOYwxh8lDdnvmMOe/+5cdoEdg==
    dependencies:
      delayed-stream "~1.0.0"
  
  content-type@^1.0.4:
    version "1.0.4"
    resolved "https://registry.yarnpkg.com/content-type/-/content-type-1.0.4.tgz#e138cc75e040c727b1966fe5e5f8c9aee256fe3b"
    integrity sha512-hIP3EEPs8tB9AT1L+NUqtwOAps4mk2Zob89MWXMHjHWg9milF/j4osnnQLXBCBFBk/tvIG/tUc9mOUJiPBhPXA==
  
  cookie@^0.5.0:
    version "0.5.0"
    resolved "https://registry.yarnpkg.com/cookie/-/cookie-0.5.0.tgz#d1f5d71adec6558c58f389987c366aa47e994f8b"
    integrity sha512-YZ3GUyn/o8gfKJlnlX7g7xq4gyO6OSuhGPKaaGssGB2qgDUS0gPgtTvoyZLTt9Ab6dC4hfc9dV5arkvc/OCmrw==
  
  debug@^4.0.0:
    version "4.3.4"
    resolved "https://registry.yarnpkg.com/debug/-/debug-4.3.4.tgz#1319f6579357f2338d3337d2cdd4914bb5dcc865"
    integrity sha512-PRWFHuSU3eDtQJPvnNY7Jcket1j0t5OuOsFzPPzsekD52Zl8qUfFIPEiswXqIvHWGVHOgX+7G/vCNNhehwxfkQ==
    dependencies:
      ms "2.1.2"
  
  delayed-stream@~1.0.0:
    version "1.0.0"
    resolved "https://registry.yarnpkg.com/delayed-stream/-/delayed-stream-1.0.0.tgz#df3ae199acadfb7d440aaae0b29e2272b24ec619"
    integrity sha512-ZySD7Nf91aLB0RxL4KGrKHBXl7Eds1DAmEdcoVawXnLD7SDhpNgtuII2aAkg7a7QS41jxPSZ17p4VdGnMHk3MQ==
  
  dotenv@^16.0.3:
    version "16.0.3"
    resolved "https://registry.yarnpkg.com/dotenv/-/dotenv-16.0.3.tgz#115aec42bac5053db3c456db30cc243a5a836a07"
    integrity sha512-7GO6HghkA5fYG9TYnNxi14/7K9f5occMlp3zXAuSxn7CKCxt9xbNWG7yF8hTCSUchlfWSe3uLmlPfigevRItzQ==
  
  emoji-regex@^8.0.0:
    version "8.0.0"
    resolved "https://registry.yarnpkg.com/emoji-regex/-/emoji-regex-8.0.0.tgz#e818fd69ce5ccfcb404594f842963bf53164cc37"
    integrity sha512-MSjYzcWNOA0ewAHpz0MxpYFvwg6yjy1NG3xteoqz644VCo/RPgnr1/GGt+ic3iJTzQ8Eu3TdM14SawnVUmGE6A==
  
  escalade@^3.1.1:
    version "3.1.1"
    resolved "https://registry.yarnpkg.com/escalade/-/escalade-3.1.1.tgz#d8cfdc7000965c5a0174b4a82eaa5c0552742e40"
    integrity sha512-k0er2gUkLf8O0zKJiAhmkTnJlTvINGv7ygDNPbeIsX/TJjGJZHuh9B2UxbsaEkmlEo9MfhrSzmhIlhRlI2GXnw==
  
  event-target-shim@^5.0.0:
    version "5.0.1"
    resolved "https://registry.yarnpkg.com/event-target-shim/-/event-target-shim-5.0.1.tgz#5d4d3ebdf9583d63a5333ce2deb7480ab2b05789"
    integrity sha512-i/2XbnSz/uxRCU6+NdVJgKWDTM427+MqYbkQzD321DuCQJUqOuJKIA0IM2+W2xtYHdKOmZ4dR6fExsd4SXL+WQ==
  
  events@^3.3.0:
    version "3.3.0"
    resolved "https://registry.yarnpkg.com/events/-/events-3.3.0.tgz#31a95ad0a924e2d2c419a813aeb2c4e878ea7400"
    integrity sha512-mQw+2fkQbALzQ7V0MY0IqdnXNOeTtP4r0lN9z7AAawCXgqea7bDii20AYrIBrFd/Hx0M2Ocz6S111CaFkUcb0Q==
  
  fast-decode-uri-component@^1.0.1:
    version "1.0.1"
    resolved "https://registry.yarnpkg.com/fast-decode-uri-component/-/fast-decode-uri-component-1.0.1.tgz#46f8b6c22b30ff7a81357d4f59abfae938202543"
    integrity sha512-WKgKWg5eUxvRZGwW8FvfbaH7AXSh2cL+3j5fMGzUMCxWBJ3dV3a7Wz8y2f/uQ0e3B6WmodD3oS54jTQ9HVTIIg==
  
  fast-deep-equal@^3.1.1, fast-deep-equal@^3.1.3:
    version "3.1.3"
    resolved "https://registry.yarnpkg.com/fast-deep-equal/-/fast-deep-equal-3.1.3.tgz#3a7d56b559d6cbc3eb512325244e619a65c6c525"
    integrity sha512-f3qQ9oQy9j2AhBe/H9VC91wLmKBCCU/gDOnKNAYG5hswO7BLKj09Hc5HYNz9cGI++xlpDCIgDaitVs03ATR84Q==
  
  fast-json-stringify@^5.0.0:
    version "5.5.0"
    resolved "https://registry.yarnpkg.com/fast-json-stringify/-/fast-json-stringify-5.5.0.tgz#6655cb944df8da43f6b15312a9564b81c55dadab"
    integrity sha512-rmw2Z8/mLkND8zI+3KTYIkNPEoF5v6GqDP/o+g7H3vjdWjBwuKpgAYFHIzL6ORRB+iqDjjtJnLIW9Mzxn5szOA==
    dependencies:
      "@fastify/deepmerge" "^1.0.0"
      ajv "^8.10.0"
      ajv-formats "^2.1.1"
      fast-deep-equal "^3.1.3"
      fast-uri "^2.1.0"
      rfdc "^1.2.0"
  
  fast-querystring@^1.0.0:
    version "1.0.0"
    resolved "https://registry.yarnpkg.com/fast-querystring/-/fast-querystring-1.0.0.tgz#d6151cd025d4b100e09e24045f6c35ae9ff191ef"
    integrity sha512-3LQi62IhQoDlmt4ULCYmh17vRO2EtS7hTSsG4WwoKWgV7GLMKBOecEh+aiavASnLx8I2y89OD33AGLo0ccRhzA==
    dependencies:
      fast-decode-uri-component "^1.0.1"
  
  fast-redact@^3.1.1:
    version "3.1.2"
    resolved "https://registry.yarnpkg.com/fast-redact/-/fast-redact-3.1.2.tgz#d58e69e9084ce9fa4c1a6fa98a3e1ecf5d7839aa"
    integrity sha512-+0em+Iya9fKGfEQGcd62Yv6onjBmmhV1uh86XVfOU8VwAe6kaFdQCWI9s0/Nnugx5Vd9tdbZ7e6gE2tR9dzXdw==
  
  fast-uri@^2.0.0, fast-uri@^2.1.0:
    version "2.2.0"
    resolved "https://registry.yarnpkg.com/fast-uri/-/fast-uri-2.2.0.tgz#519a0f849bef714aad10e9753d69d8f758f7445a"
    integrity sha512-cIusKBIt/R/oI6z/1nyfe2FvGKVTohVRfvkOhvx0nCEW+xf5NoCXjAHcWp93uOUBchzYcsvPlrapAdX1uW+YGg==
  
  fastify@^4.10.2:
    version "4.10.2"
    resolved "https://registry.yarnpkg.com/fastify/-/fastify-4.10.2.tgz#0dd1cb8d16df3c14eff938c08aa6da63b4035d0d"
    integrity sha512-0T+4zI6N3S8ex0LCZi3H4FasJR4AzWw834fUkPWvV8r6GBJkLmAOfFxH8f5V29Plef24IK0QSQD/tz1Nx+1UOA==
    dependencies:
      "@fastify/ajv-compiler" "^3.3.1"
      "@fastify/error" "^3.0.0"
      "@fastify/fast-json-stringify-compiler" "^4.1.0"
      abstract-logging "^2.0.1"
      avvio "^8.2.0"
      content-type "^1.0.4"
      find-my-way "^7.3.0"
      light-my-request "^5.6.1"
      pino "^8.5.0"
      process-warning "^2.0.0"
      proxy-addr "^2.0.7"
      rfdc "^1.3.0"
      secure-json-parse "^2.5.0"
      semver "^7.3.7"
      tiny-lru "^10.0.0"
  
  fastq@^1.6.1:
    version "1.14.0"
    resolved "https://registry.yarnpkg.com/fastq/-/fastq-1.14.0.tgz#107f69d7295b11e0fccc264e1fc6389f623731ce"
    integrity sha512-eR2D+V9/ExcbF9ls441yIuN6TI2ED1Y2ZcA5BmMtJsOkWOFRJQ0Jt0g1UwqXJJVAb+V+umH5Dfr8oh4EVP7VVg==
    dependencies:
      reusify "^1.0.4"
  
  faye-websocket@0.11.4:
    version "0.11.4"
    resolved "https://registry.yarnpkg.com/faye-websocket/-/faye-websocket-0.11.4.tgz#7f0d9275cfdd86a1c963dc8b65fcc451edcbb1da"
    integrity sha512-CzbClwlXAuiRQAlUyfqPgvPoNKTckTPGfwZV4ZdAhVcP2lh9KUxJg2b5GkE7XbjKQ3YJnQ9z6D9ntLAlB+tP8g==
    dependencies:
      websocket-driver ">=0.5.1"
  
  find-my-way@^7.3.0:
    version "7.3.1"
    resolved "https://registry.yarnpkg.com/find-my-way/-/find-my-way-7.3.1.tgz#fd8a0b468a18c283e05be59f93a627f37e306cfa"
    integrity sha512-kGvM08SOkqvheLcuQ8GW9t/H901Qb9rZEbcNWbXopzy4jDRoaJpJoObPSKf4MnQLZ20ZTp7rL5MpF6rf+pqmyg==
    dependencies:
      fast-deep-equal "^3.1.3"
      fast-querystring "^1.0.0"
      safe-regex2 "^2.0.0"
  
  firebase@^9.15.0:
    version "9.15.0"
    resolved "https://registry.yarnpkg.com/firebase/-/firebase-9.15.0.tgz#c48bad2d9ab490b147c18aab591635dd738236b9"
    integrity sha512-Fa8qFahDY/pMYMzwPGcfpUkAS3Q55qJ0QKD+5xnXjSX/jVHsJqoXtxapmyDCfAKktiLhXIcRElW1VDVd9xGwQQ==
    dependencies:
      "@firebase/analytics" "0.9.0"
      "@firebase/analytics-compat" "0.2.0"
      "@firebase/app" "0.9.0"
      "@firebase/app-check" "0.6.0"
      "@firebase/app-check-compat" "0.3.0"
      "@firebase/app-compat" "0.2.0"
      "@firebase/app-types" "0.9.0"
      "@firebase/auth" "0.21.0"
      "@firebase/auth-compat" "0.3.0"
      "@firebase/database" "0.14.0"
      "@firebase/database-compat" "0.3.0"
      "@firebase/firestore" "3.8.0"
      "@firebase/firestore-compat" "0.3.0"
      "@firebase/functions" "0.9.0"
      "@firebase/functions-compat" "0.3.0"
      "@firebase/installations" "0.6.0"
      "@firebase/installations-compat" "0.2.0"
      "@firebase/messaging" "0.12.0"
      "@firebase/messaging-compat" "0.2.0"
      "@firebase/performance" "0.6.0"
      "@firebase/performance-compat" "0.2.0"
      "@firebase/remote-config" "0.4.0"
      "@firebase/remote-config-compat" "0.2.0"
      "@firebase/storage" "0.10.0"
      "@firebase/storage-compat" "0.2.0"
      "@firebase/util" "1.8.0"
  
  follow-redirects@^1.15.0:
    version "1.15.2"
    resolved "https://registry.yarnpkg.com/follow-redirects/-/follow-redirects-1.15.2.tgz#b460864144ba63f2681096f274c4e57026da2c13"
    integrity sha512-VQLG33o04KaQ8uYi2tVNbdrWp1QWxNNea+nmIB4EVM28v0hmP17z7aG1+wAkNzVq4KeXTq3221ye5qTJP91JwA==
  
  form-data@^4.0.0:
    version "4.0.0"
    resolved "https://registry.yarnpkg.com/form-data/-/form-data-4.0.0.tgz#93919daeaf361ee529584b9b31664dc12c9fa452"
    integrity sha512-ETEklSGi5t0QMZuiXoA/Q6vcnxcLQP5vdugSpuAyi6SVGi2clPPp+xgEhuMaHC+zGgn31Kd235W35f7Hykkaww==
    dependencies:
      asynckit "^0.4.0"
      combined-stream "^1.0.8"
      mime-types "^2.1.12"
  
  forwarded@0.2.0:
    version "0.2.0"
    resolved "https://registry.yarnpkg.com/forwarded/-/forwarded-0.2.0.tgz#2269936428aad4c15c7ebe9779a84bf0b2a81811"
    integrity sha512-buRG0fpBtRHSTCOASe6hD258tEubFoRLb4ZNA6NxMVHNw2gOcwHo9wyablzMzOA5z9xA9L1KNjk/Nt6MT9aYow==
  
  get-caller-file@^2.0.5:
    version "2.0.5"
    resolved "https://registry.yarnpkg.com/get-caller-file/-/get-caller-file-2.0.5.tgz#4f94412a82db32f36e3b0b9741f8a97feb031f7e"
    integrity sha512-DyFP3BM/3YHTQOCUL/w0OZHR0lpKeGrxotcHWcqNEdnltqFwXVfhEBQ94eIo34AfQpo0rGki4cyIiftY06h2Fg==
  
  http-parser-js@>=0.5.1:
    version "0.5.8"
    resolved "https://registry.yarnpkg.com/http-parser-js/-/http-parser-js-0.5.8.tgz#af23090d9ac4e24573de6f6aecc9d84a48bf20e3"
    integrity sha512-SGeBX54F94Wgu5RH3X5jsDtf4eHyRogWX1XGT3b4HuW3tQPM4AaBzoUji/4AAJNXCEOWZ5O0DgZmJw1947gD5Q==
  
  idb@7.0.1:
    version "7.0.1"
    resolved "https://registry.yarnpkg.com/idb/-/idb-7.0.1.tgz#d2875b3a2f205d854ee307f6d196f246fea590a7"
    integrity sha512-UUxlE7vGWK5RfB/fDwEGgRf84DY/ieqNha6msMV99UsEMQhJ1RwbCd8AYBj3QMgnE3VZnfQvm4oKVCJTYlqIgg==
  
  ieee754@^1.2.1:
    version "1.2.1"
    resolved "https://registry.yarnpkg.com/ieee754/-/ieee754-1.2.1.tgz#8eb7a10a63fff25d15a57b001586d177d1b0d352"
    integrity sha512-dcyqhDvX1C46lXZcVqCpK+FtMRQVdIMN6/Df5js2zouUsqG7I6sFxitIC+7KYK29KdXOLHdu9zL4sFnoVQnqaA==
  
  ipaddr.js@1.9.1:
    version "1.9.1"
    resolved "https://registry.yarnpkg.com/ipaddr.js/-/ipaddr.js-1.9.1.tgz#bff38543eeb8984825079ff3a2a8e6cbd46781b3"
    integrity sha512-0KI/607xoxSToH7GjN1FfSbLoU0+btTicjsQSWQlh/hZykN8KpmMf7uYwPW3R+akZ6R/w18ZlXSHBYXiYUPO3g==
  
  is-fullwidth-code-point@^3.0.0:
    version "3.0.0"
    resolved "https://registry.yarnpkg.com/is-fullwidth-code-point/-/is-fullwidth-code-point-3.0.0.tgz#f116f8064fe90b3f7844a38997c0b75051269f1d"
    integrity sha512-zymm5+u+sCsSWyD9qNaejV3DFvhCKclKdizYaJUuHA83RLjb7nSuGnddCHGv0hk+KY7BMAlsWeK4Ueg6EV6XQg==
  
  json-schema-traverse@^1.0.0:
    version "1.0.0"
    resolved "https://registry.yarnpkg.com/json-schema-traverse/-/json-schema-traverse-1.0.0.tgz#ae7bcb3656ab77a73ba5c49bf654f38e6b6860e2"
    integrity sha512-NM8/P9n3XjXhIZn1lLhkFaACTOURQXjWhV4BA/RnOv8xvgqtqpAX9IO4mRQxSx1Rlo4tqzeqb0sOlruaOy3dug==
  
  light-my-request@^5.6.1:
    version "5.8.0"
    resolved "https://registry.yarnpkg.com/light-my-request/-/light-my-request-5.8.0.tgz#93b28615d4cd134b4e2370bcf2ff7e35b51c8d29"
    integrity sha512-4BtD5C+VmyTpzlDPCZbsatZMJVgUIciSOwYhJDCbLffPZ35KoDkDj4zubLeHDEb35b4kkPeEv5imbh+RJxK/Pg==
    dependencies:
      cookie "^0.5.0"
      process-warning "^2.0.0"
      set-cookie-parser "^2.4.1"
  
  lodash.camelcase@^4.3.0:
    version "4.3.0"
    resolved "https://registry.yarnpkg.com/lodash.camelcase/-/lodash.camelcase-4.3.0.tgz#b28aa6288a2b9fc651035c7711f65ab6190331a6"
    integrity sha512-TwuEnCnxbc3rAvhf/LbG7tJUDzhqXyFnv3dtzLOPgCG/hODL7WFnsbwktkD7yUV0RrreP/l1PALq/YSg6VvjlA==
  
  long@^4.0.0:
    version "4.0.0"
    resolved "https://registry.yarnpkg.com/long/-/long-4.0.0.tgz#9a7b71cfb7d361a194ea555241c92f7468d5bf28"
    integrity sha512-XsP+KhQif4bjX1kbuSiySJFNAehNxgLb6hPRGJ9QsUr8ajHkuXGdrHmFUTUUXhDwVX2R5bY4JNZEwbUiMhV+MA==
  
  long@^5.0.0:
    version "5.2.1"
    resolved "https://registry.yarnpkg.com/long/-/long-5.2.1.tgz#e27595d0083d103d2fa2c20c7699f8e0c92b897f"
    integrity sha512-GKSNGeNAtw8IryjjkhZxuKB3JzlcLTwjtiQCHKvqQet81I93kXslhDQruGI/QsddO83mcDToBVy7GqGS/zYf/A==
  
  lru-cache@^6.0.0:
    version "6.0.0"
    resolved "https://registry.yarnpkg.com/lru-cache/-/lru-cache-6.0.0.tgz#6d6fe6570ebd96aaf90fcad1dafa3b2566db3a94"
    integrity sha512-Jo6dJ04CmSjuznwJSS3pUeWmd/H0ffTlkXXgwZi+eq1UCmqQwCh+eLsYOYCwY991i2Fah4h1BEMCx4qThGbsiA==
    dependencies:
      yallist "^4.0.0"
  
  mime-db@1.52.0:
    version "1.52.0"
    resolved "https://registry.yarnpkg.com/mime-db/-/mime-db-1.52.0.tgz#bbabcdc02859f4987301c856e3387ce5ec43bf70"
    integrity sha512-sPU4uV7dYlvtWJxwwxHD0PuihVNiE7TyAbQ5SWxDCB9mUYvOgroQOwYQQOKPJ8CIbE+1ETVlOoK1UC2nU3gYvg==
  
  mime-types@^2.1.12:
    version "2.1.35"
    resolved "https://registry.yarnpkg.com/mime-types/-/mime-types-2.1.35.tgz#381a871b62a734450660ae3deee44813f70d959a"
    integrity sha512-ZDY+bPm5zTTF+YpCrAU9nK0UgICYPT0QtT1NZWFv4s++TNkcgVaT0g6+4R2uI4MjQjzysHB1zxuWL50hzaeXiw==
    dependencies:
      mime-db "1.52.0"
  
  ms@2.1.2:
    version "2.1.2"
    resolved "https://registry.yarnpkg.com/ms/-/ms-2.1.2.tgz#d09d1f357b443f493382a8eb3ccd183872ae6009"
    integrity sha512-sGkPx+VjMtmA6MX27oA4FBFELFCZZ4S4XqeGOXCv68tT+jb3vk/RyaKWP0PTKyWtmLSM0b+adUTEvbs1PEaH2w==
  
  node-fetch@2.6.7:
    version "2.6.7"
    resolved "https://registry.yarnpkg.com/node-fetch/-/node-fetch-2.6.7.tgz#24de9fba827e3b4ae44dc8b20256a379160052ad"
    integrity sha512-ZjMPFEfVx5j+y2yF35Kzx5sF7kDzxuDj6ziH4FFbOp87zKDZNx8yExJIb05OGF4Nlt9IHFIMBkRl41VdvcNdbQ==
    dependencies:
      whatwg-url "^5.0.0"
  
  on-exit-leak-free@^2.1.0:
    version "2.1.0"
    resolved "https://registry.yarnpkg.com/on-exit-leak-free/-/on-exit-leak-free-2.1.0.tgz#5c703c968f7e7f851885f6459bf8a8a57edc9cc4"
    integrity sha512-VuCaZZAjReZ3vUwgOB8LxAosIurDiAW0s13rI1YwmaP++jvcxP77AWoQvenZebpCA2m8WC1/EosPYPMjnRAp/w==
  
  pino-abstract-transport@v1.0.0:
    version "1.0.0"
    resolved "https://registry.yarnpkg.com/pino-abstract-transport/-/pino-abstract-transport-1.0.0.tgz#cc0d6955fffcadb91b7b49ef220a6cc111d48bb3"
    integrity sha512-c7vo5OpW4wIS42hUVcT5REsL8ZljsUfBjqV/e2sFxmFEFZiq1XLUp5EYLtuDH6PEHq9W1egWqRbnLUP5FuZmOA==
    dependencies:
      readable-stream "^4.0.0"
      split2 "^4.0.0"
  
  pino-std-serializers@^6.0.0:
    version "6.0.0"
    resolved "https://registry.yarnpkg.com/pino-std-serializers/-/pino-std-serializers-6.0.0.tgz#4c20928a1bafca122fdc2a7a4a171ca1c5f9c526"
    integrity sha512-mMMOwSKrmyl+Y12Ri2xhH1lbzQxwwpuru9VjyJpgFIH4asSj88F2csdMwN6+M5g1Ll4rmsYghHLQJw81tgZ7LQ==
  
  pino@^8.5.0:
    version "8.7.0"
    resolved "https://registry.yarnpkg.com/pino/-/pino-8.7.0.tgz#58621608a3d8540ae643cdd9194cdd94130c78d9"
    integrity sha512-l9sA5uPxmZzwydhMWUcm1gI0YxNnYl8MfSr2h8cwLvOAzQLBLewzF247h/vqHe3/tt6fgtXeG9wdjjoetdI/vA==
    dependencies:
      atomic-sleep "^1.0.0"
      fast-redact "^3.1.1"
      on-exit-leak-free "^2.1.0"
      pino-abstract-transport v1.0.0
      pino-std-serializers "^6.0.0"
      process-warning "^2.0.0"
      quick-format-unescaped "^4.0.3"
      real-require "^0.2.0"
      safe-stable-stringify "^2.3.1"
      sonic-boom "^3.1.0"
      thread-stream "^2.0.0"
  
  process-warning@^2.0.0:
    version "2.1.0"
    resolved "https://registry.yarnpkg.com/process-warning/-/process-warning-2.1.0.tgz#1e60e3bfe8183033bbc1e702c2da74f099422d1a"
    integrity sha512-9C20RLxrZU/rFnxWncDkuF6O999NdIf3E1ws4B0ZeY3sRVPzWBMsYDE2lxjxhiXxg464cQTgKUGm8/i6y2YGXg==
  
  process@^0.11.10:
    version "0.11.10"
    resolved "https://registry.yarnpkg.com/process/-/process-0.11.10.tgz#7332300e840161bda3e69a1d1d91a7d4bc16f182"
    integrity sha512-cdGef/drWFoydD1JsMzuFf8100nZl+GT+yacc2bEced5f9Rjk4z+WtFUTBu9PhOi9j/jfmBPu0mMEY4wIdAF8A==
  
  protobufjs@^6.11.3:
    version "6.11.3"
    resolved "https://registry.yarnpkg.com/protobufjs/-/protobufjs-6.11.3.tgz#637a527205a35caa4f3e2a9a4a13ddffe0e7af74"
    integrity sha512-xL96WDdCZYdU7Slin569tFX712BxsxslWwAfAhCYjQKGTq7dAU91Lomy6nLLhh/dyGhk/YH4TwTSRxTzhuHyZg==
    dependencies:
      "@protobufjs/aspromise" "^1.1.2"
      "@protobufjs/base64" "^1.1.2"
      "@protobufjs/codegen" "^2.0.4"
      "@protobufjs/eventemitter" "^1.1.0"
      "@protobufjs/fetch" "^1.1.0"
      "@protobufjs/float" "^1.0.2"
      "@protobufjs/inquire" "^1.1.0"
      "@protobufjs/path" "^1.1.2"
      "@protobufjs/pool" "^1.1.0"
      "@protobufjs/utf8" "^1.1.0"
      "@types/long" "^4.0.1"
      "@types/node" ">=13.7.0"
      long "^4.0.0"
  
  protobufjs@^7.0.0:
    version "7.1.2"
    resolved "https://registry.yarnpkg.com/protobufjs/-/protobufjs-7.1.2.tgz#a0cf6aeaf82f5625bffcf5a38b7cd2a7de05890c"
    integrity sha512-4ZPTPkXCdel3+L81yw3dG6+Kq3umdWKh7Dc7GW/CpNk4SX3hK58iPCWeCyhVTDrbkNeKrYNZ7EojM5WDaEWTLQ==
    dependencies:
      "@protobufjs/aspromise" "^1.1.2"
      "@protobufjs/base64" "^1.1.2"
      "@protobufjs/codegen" "^2.0.4"
      "@protobufjs/eventemitter" "^1.1.0"
      "@protobufjs/fetch" "^1.1.0"
      "@protobufjs/float" "^1.0.2"
      "@protobufjs/inquire" "^1.1.0"
      "@protobufjs/path" "^1.1.2"
      "@protobufjs/pool" "^1.1.0"
      "@protobufjs/utf8" "^1.1.0"
      "@types/node" ">=13.7.0"
      long "^5.0.0"
  
  proxy-addr@^2.0.7:
    version "2.0.7"
    resolved "https://registry.yarnpkg.com/proxy-addr/-/proxy-addr-2.0.7.tgz#f19fe69ceab311eeb94b42e70e8c2070f9ba1025"
    integrity sha512-llQsMLSUDUPT44jdrU/O37qlnifitDP+ZwrmmZcoSKyLKvtZxpyV0n2/bD/N4tBAAZ/gJEdZU7KMraoK1+XYAg==
    dependencies:
      forwarded "0.2.0"
      ipaddr.js "1.9.1"
  
  proxy-from-env@^1.1.0:
    version "1.1.0"
    resolved "https://registry.yarnpkg.com/proxy-from-env/-/proxy-from-env-1.1.0.tgz#e102f16ca355424865755d2c9e8ea4f24d58c3e2"
    integrity sha512-D+zkORCbA9f1tdWRK0RaCR3GPv50cMxcrz4X8k5LTSUD1Dkw47mKJEZQNunItRTkWwgtaUSo1RVFRIG9ZXiFYg==
  
  punycode@^2.1.0:
    version "2.1.1"
    resolved "https://registry.yarnpkg.com/punycode/-/punycode-2.1.1.tgz#b58b010ac40c22c5657616c8d2c2c02c7bf479ec"
    integrity sha512-XRsRjdf+j5ml+y/6GKHPZbrF/8p2Yga0JPtdqTIY2Xe5ohJPD9saDJJLPvp9+NSBprVvevdXZybnj2cv8OEd0A==
  
  quick-format-unescaped@^4.0.3:
    version "4.0.4"
    resolved "https://registry.yarnpkg.com/quick-format-unescaped/-/quick-format-unescaped-4.0.4.tgz#93ef6dd8d3453cbc7970dd614fad4c5954d6b5a7"
    integrity sha512-tYC1Q1hgyRuHgloV/YXs2w15unPVh8qfu/qCTfhTYamaw7fyhumKa2yGpdSo87vY32rIclj+4fWYQXUMs9EHvg==
  
  readable-stream@^4.0.0:
    version "4.2.0"
    resolved "https://registry.yarnpkg.com/readable-stream/-/readable-stream-4.2.0.tgz#a7ef523d3b39e4962b0db1a1af22777b10eeca46"
    integrity sha512-gJrBHsaI3lgBoGMW/jHZsQ/o/TIWiu5ENCJG1BB7fuCKzpFM8GaS2UoBVt9NO+oI+3FcrBNbUkl3ilDe09aY4A==
    dependencies:
      abort-controller "^3.0.0"
      buffer "^6.0.3"
      events "^3.3.0"
      process "^0.11.10"
  
  real-require@^0.2.0:
    version "0.2.0"
    resolved "https://registry.yarnpkg.com/real-require/-/real-require-0.2.0.tgz#209632dea1810be2ae063a6ac084fee7e33fba78"
    integrity sha512-57frrGM/OCTLqLOAh0mhVA9VBMHd+9U7Zb2THMGdBUoZVOtGbJzjxsYGDJ3A9AYYCP4hn6y1TVbaOfzWtm5GFg==
  
  require-directory@^2.1.1:
    version "2.1.1"
    resolved "https://registry.yarnpkg.com/require-directory/-/require-directory-2.1.1.tgz#8c64ad5fd30dab1c976e2344ffe7f792a6a6df42"
    integrity sha512-fGxEI7+wsG9xrvdjsrlmL22OMTTiHRwAMroiEeMgq8gzoLC/PQr7RsRDSTLUg/bZAZtF+TVIkHc6/4RIKrui+Q==
  
  require-from-string@^2.0.2:
    version "2.0.2"
    resolved "https://registry.yarnpkg.com/require-from-string/-/require-from-string-2.0.2.tgz#89a7fdd938261267318eafe14f9c32e598c36909"
    integrity sha512-Xf0nWe6RseziFMu+Ap9biiUbmplq6S9/p+7w7YXP/JBHhrUDDUhwa+vANyubuqfZWTveU//DYVGsDG7RKL/vEw==
  
  ret@~0.2.0:
    version "0.2.2"
    resolved "https://registry.yarnpkg.com/ret/-/ret-0.2.2.tgz#b6861782a1f4762dce43402a71eb7a283f44573c"
    integrity sha512-M0b3YWQs7R3Z917WRQy1HHA7Ba7D8hvZg6UE5mLykJxQVE2ju0IXbGlaHPPlkY+WN7wFP+wUMXmBFA0aV6vYGQ==
  
  reusify@^1.0.4:
    version "1.0.4"
    resolved "https://registry.yarnpkg.com/reusify/-/reusify-1.0.4.tgz#90da382b1e126efc02146e90845a88db12925d76"
    integrity sha512-U9nH88a3fc/ekCF1l0/UP1IosiuIjyTh7hBvXVMHYgVcfGvt897Xguj2UOLDeI5BG2m7/uwyaLVT6fbtCwTyzw==
  
  rfdc@^1.2.0, rfdc@^1.3.0:
    version "1.3.0"
    resolved "https://registry.yarnpkg.com/rfdc/-/rfdc-1.3.0.tgz#d0b7c441ab2720d05dc4cf26e01c89631d9da08b"
    integrity sha512-V2hovdzFbOi77/WajaSMXk2OLm+xNIeQdMMuB7icj7bk6zi2F8GGAxigcnDFpJHbNyNcgyJDiP+8nOrY5cZGrA==
  
  safe-buffer@>=5.1.0:
    version "5.2.1"
    resolved "https://registry.yarnpkg.com/safe-buffer/-/safe-buffer-5.2.1.tgz#1eaf9fa9bdb1fdd4ec75f58f9cdb4e6b7827eec6"
    integrity sha512-rp3So07KcdmmKbGvgaNxQSJr7bGVSVk5S9Eq1F+ppbRo70+YeaDxkw5Dd8NPN+GD6bjnYm2VuPuCXmpuYvmCXQ==
  
  safe-regex2@^2.0.0:
    version "2.0.0"
    resolved "https://registry.yarnpkg.com/safe-regex2/-/safe-regex2-2.0.0.tgz#b287524c397c7a2994470367e0185e1916b1f5b9"
    integrity sha512-PaUSFsUaNNuKwkBijoAPHAK6/eM6VirvyPWlZ7BAQy4D+hCvh4B6lIG+nPdhbFfIbP+gTGBcrdsOaUs0F+ZBOQ==
    dependencies:
      ret "~0.2.0"
  
  safe-stable-stringify@^2.3.1:
    version "2.4.1"
    resolved "https://registry.yarnpkg.com/safe-stable-stringify/-/safe-stable-stringify-2.4.1.tgz#34694bd8a30575b7f94792aa51527551bd733d61"
    integrity sha512-dVHE6bMtS/bnL2mwualjc6IxEv1F+OCUpA46pKUj6F8uDbUM0jCCulPqRNPSnWwGNKx5etqMjZYdXtrm5KJZGA==
  
  secure-json-parse@^2.5.0:
    version "2.6.0"
    resolved "https://registry.yarnpkg.com/secure-json-parse/-/secure-json-parse-2.6.0.tgz#95d89f84adf32d76ff7800e68a673b129fe918b0"
    integrity sha512-B9osKohb6L+EZ6Kve3wHKfsAClzOC/iISA2vSuCe5Jx5NAKiwitfxx8ZKYapHXr0sYRj7UZInT7pLb3rp2Yx6A==
  
  semver@^7.3.7:
    version "7.3.8"
    resolved "https://registry.yarnpkg.com/semver/-/semver-7.3.8.tgz#07a78feafb3f7b32347d725e33de7e2a2df67798"
    integrity sha512-NB1ctGL5rlHrPJtFDVIVzTyQylMLu9N9VICA6HSFJo8MCGVTMW6gfpicwKmmK/dAjTOrqu5l63JJOpDSrAis3A==
    dependencies:
      lru-cache "^6.0.0"
  
  set-cookie-parser@^2.4.1:
    version "2.5.1"
    resolved "https://registry.yarnpkg.com/set-cookie-parser/-/set-cookie-parser-2.5.1.tgz#ddd3e9a566b0e8e0862aca974a6ac0e01349430b"
    integrity sha512-1jeBGaKNGdEq4FgIrORu/N570dwoPYio8lSoYLWmX7sQ//0JY08Xh9o5pBcgmHQ/MbsYp/aZnOe1s1lIsbLprQ==
  
  sonic-boom@^3.1.0:
    version "3.2.1"
    resolved "https://registry.yarnpkg.com/sonic-boom/-/sonic-boom-3.2.1.tgz#972ceab831b5840a08a002fa95a672008bda1c38"
    integrity sha512-iITeTHxy3B9FGu8aVdiDXUVAcHMF9Ss0cCsAOo2HfCrmVGT3/DT5oYaeu0M/YKZDlKTvChEyPq0zI9Hf33EX6A==
    dependencies:
      atomic-sleep "^1.0.0"
  
  split2@^4.0.0:
    version "4.1.0"
    resolved "https://registry.yarnpkg.com/split2/-/split2-4.1.0.tgz#101907a24370f85bb782f08adaabe4e281ecf809"
    integrity sha512-VBiJxFkxiXRlUIeyMQi8s4hgvKCSjtknJv/LVYbrgALPwf5zSKmEwV9Lst25AkvMDnvxODugjdl6KZgwKM1WYQ==
  
  string-width@^4.1.0, string-width@^4.2.0:
    version "4.2.3"
    resolved "https://registry.yarnpkg.com/string-width/-/string-width-4.2.3.tgz#269c7117d27b05ad2e536830a8ec895ef9c6d010"
    integrity sha512-wKyQRQpjJ0sIp62ErSZdGsjMJWsap5oRNihHhu6G7JVO/9jIB6UyevL+tXuOqrng8j/cxKTWyWUwvSTriiZz/g==
    dependencies:
      emoji-regex "^8.0.0"
      is-fullwidth-code-point "^3.0.0"
      strip-ansi "^6.0.1"
  
  strip-ansi@^6.0.0, strip-ansi@^6.0.1:
    version "6.0.1"
    resolved "https://registry.yarnpkg.com/strip-ansi/-/strip-ansi-6.0.1.tgz#9e26c63d30f53443e9489495b2105d37b67a85d9"
    integrity sha512-Y38VPSHcqkFrCpFnQ9vuSXmquuv5oXOKpGeT6aGrr3o3Gc9AlVa6JBfUSOCnbxGGZF+/0ooI7KrPuUSztUdU5A==
    dependencies:
      ansi-regex "^5.0.1"
  
  thread-stream@^2.0.0:
    version "2.2.0"
    resolved "https://registry.yarnpkg.com/thread-stream/-/thread-stream-2.2.0.tgz#310c03a253f729094ce5d4638ef5186dfa80a9e8"
    integrity sha512-rUkv4/fnb4rqy/gGy7VuqK6wE1+1DOCOWy4RMeaV69ZHMP11tQKZvZSip1yTgrKCMZzEMcCL/bKfHvSfDHx+iQ==
    dependencies:
      real-require "^0.2.0"
  
  tiny-lru@^10.0.0:
    version "10.0.1"
    resolved "https://registry.yarnpkg.com/tiny-lru/-/tiny-lru-10.0.1.tgz#aaf5d22207e641ed1b176ac2e616d6cc2fc9ef66"
    integrity sha512-Vst+6kEsWvb17Zpz14sRJV/f8bUWKhqm6Dc+v08iShmIJ/WxqWytHzCTd6m88pS33rE2zpX34TRmOpAJPloNCA==
  
  tr46@~0.0.3:
    version "0.0.3"
    resolved "https://registry.yarnpkg.com/tr46/-/tr46-0.0.3.tgz#8184fd347dac9cdc185992f3a6622e14b9d9ab6a"
    integrity sha512-N3WMsuqV66lT30CrXNbEjx4GEwlow3v6rr4mCcv6prnfwhS01rkgyFdjPNBYd9br7LpXV1+Emh01fHnq2Gdgrw==
  
  tslib@^2.1.0:
    version "2.4.1"
    resolved "https://registry.yarnpkg.com/tslib/-/tslib-2.4.1.tgz#0d0bfbaac2880b91e22df0768e55be9753a5b17e"
    integrity sha512-tGyy4dAjRIEwI7BzsB0lynWgOpfqjUdq91XXAlIWD2OwKBH7oCl/GZG/HT4BOHrTlPMOASlMQ7veyTqpmRcrNA==
  
  typescript@^4.9.4:
    version "4.9.4"
    resolved "https://registry.yarnpkg.com/typescript/-/typescript-4.9.4.tgz#a2a3d2756c079abda241d75f149df9d561091e78"
    integrity sha512-Uz+dTXYzxXXbsFpM86Wh3dKCxrQqUcVMxwU54orwlJjOpO3ao8L7j5lH+dWfTwgCwIuM9GQ2kvVotzYJMXTBZg==
  
  uri-js@^4.2.2:
    version "4.4.1"
    resolved "https://registry.yarnpkg.com/uri-js/-/uri-js-4.4.1.tgz#9b1a52595225859e55f669d928f88c6c57f2a77e"
    integrity sha512-7rKUyy33Q1yc98pQ1DAmLtwX109F7TIfWlW1Ydo8Wl1ii1SeHieeh0HHfPeL2fMXK6z0s8ecKs9frCuLJvndBg==
    dependencies:
      punycode "^2.1.0"
  
  webidl-conversions@^3.0.0:
    version "3.0.1"
    resolved "https://registry.yarnpkg.com/webidl-conversions/-/webidl-conversions-3.0.1.tgz#24534275e2a7bc6be7bc86611cc16ae0a5654871"
    integrity sha512-2JAn3z8AR6rjK8Sm8orRC0h/bcl/DqL7tRPdGZ4I1CjdF+EaMLmYxBHyXuKL849eucPFhvBoxMsflfOb8kxaeQ==
  
  websocket-driver@>=0.5.1:
    version "0.7.4"
    resolved "https://registry.yarnpkg.com/websocket-driver/-/websocket-driver-0.7.4.tgz#89ad5295bbf64b480abcba31e4953aca706f5760"
    integrity sha512-b17KeDIQVjvb0ssuSDF2cYXSg2iztliJ4B9WdsuB6J952qCPKmnVq4DyW5motImXHDC1cBT/1UezrJVsKw5zjg==
    dependencies:
      http-parser-js ">=0.5.1"
      safe-buffer ">=5.1.0"
      websocket-extensions ">=0.1.1"
  
  websocket-extensions@>=0.1.1:
    version "0.1.4"
    resolved "https://registry.yarnpkg.com/websocket-extensions/-/websocket-extensions-0.1.4.tgz#7f8473bc839dfd87608adb95d7eb075211578a42"
    integrity sha512-OqedPIGOfsDlo31UNwYbCFMSaO9m9G/0faIHj5/dZFDMFqPTcx6UwqyOy3COEaEOg/9VsGIpdqn62W5KhoKSpg==
  
  whatwg-url@^5.0.0:
    version "5.0.0"
    resolved "https://registry.yarnpkg.com/whatwg-url/-/whatwg-url-5.0.0.tgz#966454e8765462e37644d3626f6742ce8b70965d"
    integrity sha512-saE57nupxk6v3HY35+jzBwYa0rKSy0XR8JSxZPwgLr7ys0IBzhGviA1/TUGJLmSVqs8pb9AnvICXEuOHLprYTw==
    dependencies:
      tr46 "~0.0.3"
      webidl-conversions "^3.0.0"
  
  wrap-ansi@^7.0.0:
    version "7.0.0"
    resolved "https://registry.yarnpkg.com/wrap-ansi/-/wrap-ansi-7.0.0.tgz#67e145cff510a6a6984bdf1152911d69d2eb9e43"
    integrity sha512-YVGIj2kamLSTxw6NsZjoBxfSwsn0ycdesmc4p+Q21c5zPuZ1pl+NfxVdxPtdHvmNVOQ6XSYG4AUtyt/Fi7D16Q==
    dependencies:
      ansi-styles "^4.0.0"
      string-width "^4.1.0"
      strip-ansi "^6.0.0"
  
  y18n@^5.0.5:
    version "5.0.8"
    resolved "https://registry.yarnpkg.com/y18n/-/y18n-5.0.8.tgz#7f4934d0f7ca8c56f95314939ddcd2dd91ce1d55"
    integrity sha512-0pfFzegeDWJHJIAmTLRP2DwHjdF5s7jo9tuztdQxAhINCdvS+3nGINqPd00AphqJR/0LhANUS6/+7SCb98YOfA==
  
  yallist@^4.0.0:
    version "4.0.0"
    resolved "https://registry.yarnpkg.com/yallist/-/yallist-4.0.0.tgz#9bb92790d9c0effec63be73519e11a35019a3a72"
    integrity sha512-3wdGidZyq5PB084XLES5TpOSRA3wjXAlIWMhum2kRcv/41Sn2emQ0dycQW4uZXLejwKvg6EsvbdlVL+FYEct7A==
  
  yargs-parser@^20.2.2:
    version "20.2.9"
    resolved "https://registry.yarnpkg.com/yargs-parser/-/yargs-parser-20.2.9.tgz#2eb7dc3b0289718fc295f362753845c41a0c94ee"
    integrity sha512-y11nGElTIV+CT3Zv9t7VKl+Q3hTQoT9a1Qzezhhl6Rp21gJ/IVTW7Z3y9EWXhuUBC2Shnf+DX0antecpAwSP8w==
  
  yargs@^16.2.0:
    version "16.2.0"
    resolved "https://registry.yarnpkg.com/yargs/-/yargs-16.2.0.tgz#1c82bf0f6b6a66eafce7ef30e376f49a12477f66"
    integrity sha512-D1mvvtDG0L5ft/jGWkLpG1+m0eQxOfaBvTNELraWj22wSVUMWxZUvYgJYcKh6jGGIkJFhH4IZPQhR4TKpc8mBw==
    dependencies:
      cliui "^7.0.2"
      escalade "^3.1.1"
      get-caller-file "^2.0.5"
      require-directory "^2.1.1"
      string-width "^4.2.0"
      y18n "^5.0.5"
      yargs-parser "^20.2.2"
